[0.079s] Invoking command in '/workspace/build/astar_path_planner': CMAKE_PREFIX_PATH=/opt/ros/humble /usr/bin/cmake /workspace/astar_path_planner -DCMAKE_INSTALL_PREFIX=/workspace/install/astar_path_planner
[0.469s] -- The C compiler identification is GNU 11.4.0
[0.777s] -- The CXX compiler identification is GNU 11.4.0
[0.804s] -- Detecting C compiler ABI info
[1.343s] -- Detecting C compiler ABI info - done
[1.358s] -- Check for working C compiler: /usr/bin/cc - skipped
[1.358s] -- Detecting C compile features
[1.360s] -- Detecting C compile features - done
[1.366s] -- Detecting CXX compiler ABI info
[1.877s] -- Detecting CXX compiler ABI info - done
[1.894s] -- Check for working CXX compiler: /usr/bin/c++ - skipped
[1.896s] -- Detecting CXX compile features
[1.899s] -- Detecting CXX compile features - done
[1.904s] -- Found ament_cmake: 1.3.12 (/opt/ros/humble/share/ament_cmake/cmake)
[2.427s] -- Found Python3: /usr/bin/python3 (found version "3.10.12") found components: Interpreter 
[2.600s] -- Found rclcpp: 16.0.15 (/opt/ros/humble/share/rclcpp/cmake)
[2.636s] -- Found rosidl_generator_c: 3.1.7 (/opt/ros/humble/share/rosidl_generator_c/cmake)
[2.639s] -- Found rosidl_adapter: 3.1.7 (/opt/ros/humble/share/rosidl_adapter/cmake)
[2.643s] -- Found rosidl_generator_cpp: 3.1.7 (/opt/ros/humble/share/rosidl_generator_cpp/cmake)
[2.650s] -- Using all available rosidl_typesupport_c: rosidl_typesupport_fastrtps_c;rosidl_typesupport_introspection_c
[2.662s] -- Using all available rosidl_typesupport_cpp: rosidl_typesupport_fastrtps_cpp;rosidl_typesupport_introspection_cpp
[2.692s] -- Found rmw_implementation_cmake: 6.1.2 (/opt/ros/humble/share/rmw_implementation_cmake/cmake)
[2.695s] -- Found rmw_fastrtps_cpp: 6.2.8 (/opt/ros/humble/share/rmw_fastrtps_cpp/cmake)
[3.064s] -- Found OpenSSL: /usr/lib/x86_64-linux-gnu/libcrypto.so (found version "3.0.2")  
[3.102s] -- Found FastRTPS: /opt/ros/humble/include  
[3.146s] -- Using RMW implementation 'rmw_fastrtps_cpp' as default
[3.154s] -- Looking for pthread.h
[3.642s] -- Looking for pthread.h - found
[3.644s] -- Performing Test CMAKE_HAVE_LIBC_PTHREAD
[4.204s] -- Performing Test CMAKE_HAVE_LIBC_PTHREAD - Success
[4.206s] -- Found Threads: TRUE  
[4.248s] -- Found nav2_core: 1.1.19 (/opt/ros/humble/share/nav2_core/cmake)
[4.449s] -- Found Eigen3: TRUE (found version "3.4.0") 
[4.451s] -- Ensuring Eigen3 include directory is part of orocos-kdl CMake target
[4.530s] -- Found tf2_eigen: 0.25.16 (/opt/ros/humble/share/tf2_eigen/cmake)
[4.551s] -- Found ament_lint_auto: 0.12.14 (/opt/ros/humble/share/ament_lint_auto/cmake)
[4.727s] -- Added test 'copyright' to check source files copyright and LICENSE
[4.732s] -- Added test 'cppcheck' to perform static code analysis on C / C++ code
[4.732s] -- Configured cppcheck include dirs: 
[4.733s] -- Configured cppcheck exclude dirs and/or files: 
[4.740s] -- Added test 'cpplint' to check C / C++ code against the Google style
[4.741s] -- Configured cpplint exclude dirs and/or files: 
[4.742s] -- Added test 'lint_cmake' to check CMake code style
[4.746s] -- Added test 'uncrustify' to check C / C++ code style
[4.747s] -- Configured uncrustify additional arguments: 
[4.748s] -- Added test 'xmllint' to check XML markup files
[4.772s] -- Configuring done
[4.863s] -- Generating done
[4.892s] -- Build files have been written to: /workspace/build/astar_path_planner
