[0.090s] Invoking command in '/workspace/build/coordinate_transform': CMAKE_PREFIX_PATH=/opt/ros/humble /usr/bin/cmake /workspace/coordinate_transform -DCMAKE_INSTALL_PREFIX=/workspace/install/coordinate_transform
[0.493s] -- The C compiler identification is GNU 11.4.0
[0.781s] -- The CXX compiler identification is GNU 11.4.0
[0.813s] -- Detecting C compiler ABI info
[1.343s] -- Detecting C compiler ABI info - done
[1.362s] -- Check for working C compiler: /usr/bin/cc - skipped
[1.363s] -- Detecting C compile features
[1.365s] -- Detecting C compile features - done
[1.372s] -- Detecting CXX compiler ABI info
[1.898s] -- Detecting CXX compiler ABI info - done
[1.914s] -- Check for working CXX compiler: /usr/bin/c++ - skipped
[1.916s] -- Detecting CXX compile features
[1.919s] -- Detecting CXX compile features - done
[1.937s] -- Found ament_cmake: 1.3.12 (/opt/ros/humble/share/ament_cmake/cmake)
[2.461s] -- Found Python3: /usr/bin/python3 (found version "3.10.12") found components: Interpreter 
[2.639s] -- Found rclcpp: 16.0.15 (/opt/ros/humble/share/rclcpp/cmake)
[2.665s] -- Found rosidl_generator_c: 3.1.7 (/opt/ros/humble/share/rosidl_generator_c/cmake)
[2.669s] -- Found rosidl_adapter: 3.1.7 (/opt/ros/humble/share/rosidl_adapter/cmake)
[2.672s] -- Found rosidl_generator_cpp: 3.1.7 (/opt/ros/humble/share/rosidl_generator_cpp/cmake)
[2.681s] -- Using all available rosidl_typesupport_c: rosidl_typesupport_fastrtps_c;rosidl_typesupport_introspection_c
[2.691s] -- Using all available rosidl_typesupport_cpp: rosidl_typesupport_fastrtps_cpp;rosidl_typesupport_introspection_cpp
[2.718s] -- Found rmw_implementation_cmake: 6.1.2 (/opt/ros/humble/share/rmw_implementation_cmake/cmake)
[2.720s] -- Found rmw_fastrtps_cpp: 6.2.8 (/opt/ros/humble/share/rmw_fastrtps_cpp/cmake)
[3.091s] -- Found OpenSSL: /usr/lib/x86_64-linux-gnu/libcrypto.so (found version "3.0.2")  
[3.123s] -- Found FastRTPS: /opt/ros/humble/include  
[3.170s] -- Using RMW implementation 'rmw_fastrtps_cpp' as default
[3.177s] -- Looking for pthread.h
[3.716s] -- Looking for pthread.h - found
[3.719s] -- Performing Test CMAKE_HAVE_LIBC_PTHREAD
[4.258s] -- Performing Test CMAKE_HAVE_LIBC_PTHREAD - Success
[4.277s] -- Found Threads: TRUE  
[4.305s] -- Found rclcpp_components: 16.0.15 (/opt/ros/humble/share/rclcpp_components/cmake)
[4.323s] -- Found image_transport: 3.1.12 (/opt/ros/humble/share/image_transport/cmake)
[4.360s] -- Found cv_bridge: 3.2.1 (/opt/ros/humble/share/cv_bridge/cmake)
[4.368s] -- Found nav_msgs: 4.9.0 (/opt/ros/humble/share/nav_msgs/cmake)
[4.382s] -- Found tf2_ros: 0.25.16 (/opt/ros/humble/share/tf2_ros/cmake)
[4.431s] -- Found tf2_eigen: 0.25.16 (/opt/ros/humble/share/tf2_eigen/cmake)
[4.440s] [31mCMake Error at CMakeLists.txt:12 (find_package):
[4.441s]   By not providing "Findstsl_interfaces.cmake" in CMAKE_MODULE_PATH this
[4.442s]   project has asked CMake to find a package configuration file provided by
[4.444s]   "stsl_interfaces", but CMake did not find one.
[4.444s] 
[4.444s]   Could not find a package configuration file provided by "stsl_interfaces"
[4.448s]   with any of the following names:
[4.448s] 
[4.448s]     stsl_interfacesConfig.cmake
[4.448s]     stsl_interfaces-config.cmake
[4.448s] 
[4.448s]   Add the installation prefix of "stsl_interfaces" to CMAKE_PREFIX_PATH or
[4.449s]   set "stsl_interfaces_DIR" to a directory containing one of the above files.
[4.449s]   If "stsl_interfaces" provides a separate development package or SDK, be
[4.449s]   sure it has been installed.
[4.449s] 
[4.449s] [0m
[4.449s] -- Configuring incomplete, errors occurred!
[4.449s] See also "/workspace/build/coordinate_transform/CMakeFiles/CMakeOutput.log".
