[0.102s] Invoking command in '/workspace/build/peak_finder': CMAKE_PREFIX_PATH=/opt/ros/humble /usr/bin/cmake /workspace/peak_finder -DCMAKE_INSTALL_PREFIX=/workspace/install/peak_finder
[0.496s] -- The C compiler identification is GNU 11.4.0
[0.799s] -- The CXX compiler identification is GNU 11.4.0
[0.827s] -- Detecting C compiler ABI info
[1.375s] -- Detecting C compiler ABI info - done
[1.392s] -- Check for working C compiler: /usr/bin/cc - skipped
[1.393s] -- Detecting C compile features
[1.394s] -- Detecting C compile features - done
[1.401s] -- Detecting CXX compiler ABI info
[1.899s] -- Detecting CXX compiler ABI info - done
[1.917s] -- Check for working CXX compiler: /usr/bin/c++ - skipped
[1.918s] -- Detecting CXX compile features
[1.918s] -- Detecting CXX compile features - done
[1.926s] -- Found ament_cmake: 1.3.12 (/opt/ros/humble/share/ament_cmake/cmake)
[2.441s] -- Found Python3: /usr/bin/python3 (found version "3.10.12") found components: Interpreter 
[2.610s] -- Found rclcpp: 16.0.15 (/opt/ros/humble/share/rclcpp/cmake)
[2.632s] -- Found rosidl_generator_c: 3.1.7 (/opt/ros/humble/share/rosidl_generator_c/cmake)
[2.635s] -- Found rosidl_adapter: 3.1.7 (/opt/ros/humble/share/rosidl_adapter/cmake)
[2.640s] -- Found rosidl_generator_cpp: 3.1.7 (/opt/ros/humble/share/rosidl_generator_cpp/cmake)
[2.647s] -- Using all available rosidl_typesupport_c: rosidl_typesupport_fastrtps_c;rosidl_typesupport_introspection_c
[2.658s] -- Using all available rosidl_typesupport_cpp: rosidl_typesupport_fastrtps_cpp;rosidl_typesupport_introspection_cpp
[2.687s] -- Found rmw_implementation_cmake: 6.1.2 (/opt/ros/humble/share/rmw_implementation_cmake/cmake)
[2.689s] -- Found rmw_fastrtps_cpp: 6.2.8 (/opt/ros/humble/share/rmw_fastrtps_cpp/cmake)
[3.070s] -- Found OpenSSL: /usr/lib/x86_64-linux-gnu/libcrypto.so (found version "3.0.2")  
[3.103s] -- Found FastRTPS: /opt/ros/humble/include  
[3.171s] -- Using RMW implementation 'rmw_fastrtps_cpp' as default
[3.181s] -- Looking for pthread.h
[3.724s] -- Looking for pthread.h - found
[3.726s] -- Performing Test CMAKE_HAVE_LIBC_PTHREAD
[4.265s] -- Performing Test CMAKE_HAVE_LIBC_PTHREAD - Success
[4.270s] -- Found Threads: TRUE  
[4.312s] -- Found rclcpp_components: 16.0.15 (/opt/ros/humble/share/rclcpp_components/cmake)
[4.331s] -- Found rclcpp_action: 16.0.15 (/opt/ros/humble/share/rclcpp_action/cmake)
[4.361s] [31mCMake Error at CMakeLists.txt:8 (find_package):
[4.362s]   By not providing "Findstsl_interfaces.cmake" in CMAKE_MODULE_PATH this
[4.363s]   project has asked CMake to find a package configuration file provided by
[4.365s]   "stsl_interfaces", but CMake did not find one.
[4.366s] 
[4.366s]   Could not find a package configuration file provided by "stsl_interfaces"
[4.367s]   with any of the following names:
[4.367s] 
[4.368s]     stsl_interfacesConfig.cmake
[4.369s]     stsl_interfaces-config.cmake
[4.369s] 
[4.369s]   Add the installation prefix of "stsl_interfaces" to CMAKE_PREFIX_PATH or
[4.370s]   set "stsl_interfaces_DIR" to a directory containing one of the above files.
[4.370s]   If "stsl_interfaces" provides a separate development package or SDK, be
[4.371s]   sure it has been installed.
[4.371s] 
[4.371s] [0m
[4.371s] -- Configuring incomplete, errors occurred!
[4.371s] See also "/workspace/build/peak_finder/CMakeFiles/CMakeOutput.log".
