[0.096s] Invoking command in '/workspace/build/mapping': CMAKE_PREFIX_PATH=/opt/ros/humble /usr/bin/cmake /workspace/mapping -DCMAKE_INSTALL_PREFIX=/workspace/install/mapping
[0.502s] -- The C compiler identification is GNU 11.4.0
[0.789s] -- The CXX compiler identification is GNU 11.4.0
[0.818s] -- Detecting C compiler ABI info
[1.358s] -- Detecting C compiler ABI info - done
[1.372s] -- Check for working C compiler: /usr/bin/cc - skipped
[1.373s] -- Detecting C compile features
[1.374s] -- Detecting C compile features - done
[1.385s] -- Detecting CXX compiler ABI info
[1.892s] -- Detecting CXX compiler ABI info - done
[1.913s] -- Check for working CXX compiler: /usr/bin/c++ - skipped
[1.917s] -- Detecting CXX compile features
[1.918s] -- Detecting CXX compile features - done
[1.924s] -- Found ament_cmake: 1.3.12 (/opt/ros/humble/share/ament_cmake/cmake)
[2.443s] -- Found Python3: /usr/bin/python3 (found version "3.10.12") found components: Interpreter 
[2.623s] -- Found rclcpp: 16.0.15 (/opt/ros/humble/share/rclcpp/cmake)
[2.645s] -- Found rosidl_generator_c: 3.1.7 (/opt/ros/humble/share/rosidl_generator_c/cmake)
[2.650s] -- Found rosidl_adapter: 3.1.7 (/opt/ros/humble/share/rosidl_adapter/cmake)
[2.653s] -- Found rosidl_generator_cpp: 3.1.7 (/opt/ros/humble/share/rosidl_generator_cpp/cmake)
[2.660s] -- Using all available rosidl_typesupport_c: rosidl_typesupport_fastrtps_c;rosidl_typesupport_introspection_c
[2.671s] -- Using all available rosidl_typesupport_cpp: rosidl_typesupport_fastrtps_cpp;rosidl_typesupport_introspection_cpp
[2.699s] -- Found rmw_implementation_cmake: 6.1.2 (/opt/ros/humble/share/rmw_implementation_cmake/cmake)
[2.701s] -- Found rmw_fastrtps_cpp: 6.2.8 (/opt/ros/humble/share/rmw_fastrtps_cpp/cmake)
[3.084s] -- Found OpenSSL: /usr/lib/x86_64-linux-gnu/libcrypto.so (found version "3.0.2")  
[3.115s] -- Found FastRTPS: /opt/ros/humble/include  
[3.165s] -- Using RMW implementation 'rmw_fastrtps_cpp' as default
[3.169s] -- Looking for pthread.h
[3.682s] -- Looking for pthread.h - found
[3.685s] -- Performing Test CMAKE_HAVE_LIBC_PTHREAD
[4.235s] -- Performing Test CMAKE_HAVE_LIBC_PTHREAD - Success
[4.238s] -- Found Threads: TRUE  
[4.279s] -- Found rclcpp_components: 16.0.15 (/opt/ros/humble/share/rclcpp_components/cmake)
[4.300s] -- Found geometry_msgs: 4.9.0 (/opt/ros/humble/share/geometry_msgs/cmake)
[4.305s] -- Found nav_msgs: 4.9.0 (/opt/ros/humble/share/nav_msgs/cmake)
[4.320s] -- Found tf2_ros: 0.25.16 (/opt/ros/humble/share/tf2_ros/cmake)
[4.369s] -- Found tf2_geometry_msgs: 0.25.16 (/opt/ros/humble/share/tf2_geometry_msgs/cmake)
[4.378s] -- Found eigen3_cmake_module: 0.1.1 (/opt/ros/humble/share/eigen3_cmake_module/cmake)
[4.378s] -- Found Eigen3: TRUE (found version "3.4.0") 
[4.378s] -- Ensuring Eigen3 include directory is part of orocos-kdl CMake target
[4.398s] -- Found ament_lint_auto: 0.12.14 (/opt/ros/humble/share/ament_lint_auto/cmake)
[4.552s] -- Added test 'copyright' to check source files copyright and LICENSE
[4.555s] -- Added test 'cppcheck' to perform static code analysis on C / C++ code
[4.556s] -- Configured cppcheck include dirs: 
[4.556s] -- Configured cppcheck exclude dirs and/or files: 
[4.557s] -- Added test 'lint_cmake' to check CMake code style
[4.560s] -- Added test 'uncrustify' to check C / C++ code style
[4.561s] -- Configured uncrustify additional arguments: 
[4.561s] -- Added test 'xmllint' to check XML markup files
[4.577s] -- Configuring done
[4.641s] -- Generating done
[4.677s] -- Build files have been written to: /workspace/build/mapping
