[0.097s] Invoking command in '/workspace/build/mineral_deposit_tracking': CMAKE_PREFIX_PATH=/opt/ros/humble /usr/bin/cmake /workspace/mineral_deposit_tracking -DCMAKE_INSTALL_PREFIX=/workspace/install/mineral_deposit_tracking
[0.493s] -- The C compiler identification is GNU 11.4.0
[0.798s] -- The CXX compiler identification is GNU 11.4.0
[0.830s] -- Detecting C compiler ABI info
[1.364s] -- Detecting C compiler ABI info - done
[1.382s] -- Check for working C compiler: /usr/bin/cc - skipped
[1.383s] -- Detecting C compile features
[1.385s] -- Detecting C compile features - done
[1.393s] -- Detecting CXX compiler ABI info
[1.920s] -- Detecting CXX compiler ABI info - done
[1.938s] -- Check for working CXX compiler: /usr/bin/c++ - skipped
[1.938s] -- Detecting CXX compile features
[1.938s] -- Detecting CXX compile features - done
[1.949s] -- Found ament_cmake: 1.3.12 (/opt/ros/humble/share/ament_cmake/cmake)
[2.464s] -- Found Python3: /usr/bin/python3 (found version "3.10.12") found components: Interpreter 
[2.644s] -- Found rclcpp: 16.0.15 (/opt/ros/humble/share/rclcpp/cmake)
[2.670s] -- Found rosidl_generator_c: 3.1.7 (/opt/ros/humble/share/rosidl_generator_c/cmake)
[2.673s] -- Found rosidl_adapter: 3.1.7 (/opt/ros/humble/share/rosidl_adapter/cmake)
[2.678s] -- Found rosidl_generator_cpp: 3.1.7 (/opt/ros/humble/share/rosidl_generator_cpp/cmake)
[2.686s] -- Using all available rosidl_typesupport_c: rosidl_typesupport_fastrtps_c;rosidl_typesupport_introspection_c
[2.696s] -- Using all available rosidl_typesupport_cpp: rosidl_typesupport_fastrtps_cpp;rosidl_typesupport_introspection_cpp
[2.725s] -- Found rmw_implementation_cmake: 6.1.2 (/opt/ros/humble/share/rmw_implementation_cmake/cmake)
[2.726s] -- Found rmw_fastrtps_cpp: 6.2.8 (/opt/ros/humble/share/rmw_fastrtps_cpp/cmake)
[3.109s] -- Found OpenSSL: /usr/lib/x86_64-linux-gnu/libcrypto.so (found version "3.0.2")  
[3.135s] -- Found FastRTPS: /opt/ros/humble/include  
[3.184s] -- Using RMW implementation 'rmw_fastrtps_cpp' as default
[3.198s] -- Looking for pthread.h
[3.693s] -- Looking for pthread.h - found
[3.697s] -- Performing Test CMAKE_HAVE_LIBC_PTHREAD
[4.236s] -- Performing Test CMAKE_HAVE_LIBC_PTHREAD - Success
[4.237s] -- Found Threads: TRUE  
[4.277s] -- Found rclcpp_components: 16.0.15 (/opt/ros/humble/share/rclcpp_components/cmake)
[4.301s] [31mCMake Error at CMakeLists.txt:7 (find_package):
[4.301s]   By not providing "Findstsl_interfaces.cmake" in CMAKE_MODULE_PATH this
[4.301s]   project has asked CMake to find a package configuration file provided by
[4.302s]   "stsl_interfaces", but CMake did not find one.
[4.302s] 
[4.302s]   Could not find a package configuration file provided by "stsl_interfaces"
[4.302s]   with any of the following names:
[4.302s] 
[4.302s]     stsl_interfacesConfig.cmake
[4.303s]     stsl_interfaces-config.cmake
[4.303s] 
[4.305s]   Add the installation prefix of "stsl_interfaces" to CMAKE_PREFIX_PATH or
[4.305s]   set "stsl_interfaces_DIR" to a directory containing one of the above files.
[4.305s]   If "stsl_interfaces" provides a separate development package or SDK, be
[4.305s]   sure it has been installed.
[4.305s] 
[4.305s] [0m
[4.306s] -- Configuring incomplete, errors occurred!
[4.306s] See also "/workspace/build/mineral_deposit_tracking/CMakeFiles/CMakeOutput.log".
[4.315s] Invoked command in '/workspace/build/mineral_deposit_tracking' returned '1': CMAKE_PREFIX_PATH=/opt/ros/humble /usr/bin/cmake /workspace/mineral_deposit_tracking -DCMAKE_INSTALL_PREFIX=/workspace/install/mineral_deposit_tracking
