[0.101s] Invoking command in '/workspace/build/obstacle_detector': CMAKE_PREFIX_PATH=/opt/ros/humble /usr/bin/cmake /workspace/obstacle_detector -DCMAKE_INSTALL_PREFIX=/workspace/install/obstacle_detector
[0.500s] -- The C compiler identification is GNU 11.4.0
[0.793s] -- The CXX compiler identification is GNU 11.4.0
[0.826s] -- Detecting C compiler ABI info
[1.377s] -- Detecting C compiler ABI info - done
[1.394s] -- Check for working C compiler: /usr/bin/cc - skipped
[1.396s] -- Detecting C compile features
[1.397s] -- Detecting C compile features - done
[1.405s] -- Detecting CXX compiler ABI info
[1.911s] -- Detecting CXX compiler ABI info - done
[1.938s] -- Check for working CXX compiler: /usr/bin/c++ - skipped
[1.938s] -- Detecting CXX compile features
[1.938s] -- Detecting CXX compile features - done
[1.948s] -- Found ament_cmake: 1.3.12 (/opt/ros/humble/share/ament_cmake/cmake)
[2.464s] -- Found Python3: /usr/bin/python3 (found version "3.10.12") found components: Interpreter 
[2.639s] -- Found rclcpp: 16.0.15 (/opt/ros/humble/share/rclcpp/cmake)
[2.672s] -- Found rosidl_generator_c: 3.1.7 (/opt/ros/humble/share/rosidl_generator_c/cmake)
[2.676s] -- Found rosidl_adapter: 3.1.7 (/opt/ros/humble/share/rosidl_adapter/cmake)
[2.680s] -- Found rosidl_generator_cpp: 3.1.7 (/opt/ros/humble/share/rosidl_generator_cpp/cmake)
[2.688s] -- Using all available rosidl_typesupport_c: rosidl_typesupport_fastrtps_c;rosidl_typesupport_introspection_c
[2.699s] -- Using all available rosidl_typesupport_cpp: rosidl_typesupport_fastrtps_cpp;rosidl_typesupport_introspection_cpp
[2.728s] -- Found rmw_implementation_cmake: 6.1.2 (/opt/ros/humble/share/rmw_implementation_cmake/cmake)
[2.731s] -- Found rmw_fastrtps_cpp: 6.2.8 (/opt/ros/humble/share/rmw_fastrtps_cpp/cmake)
[3.100s] -- Found OpenSSL: /usr/lib/x86_64-linux-gnu/libcrypto.so (found version "3.0.2")  
[3.135s] -- Found FastRTPS: /opt/ros/humble/include  
[3.184s] -- Using RMW implementation 'rmw_fastrtps_cpp' as default
[3.193s] -- Looking for pthread.h
[3.701s] -- Looking for pthread.h - found
[3.705s] -- Performing Test CMAKE_HAVE_LIBC_PTHREAD
[4.263s] -- Performing Test CMAKE_HAVE_LIBC_PTHREAD - Success
[4.263s] -- Found Threads: TRUE  
[4.296s] -- Found rclcpp_components: 16.0.15 (/opt/ros/humble/share/rclcpp_components/cmake)
[4.319s] -- Found image_transport: 3.1.12 (/opt/ros/humble/share/image_transport/cmake)
[4.352s] -- Found cv_bridge: 3.2.1 (/opt/ros/humble/share/cv_bridge/cmake)
[4.360s] -- Found nav_msgs: 4.9.0 (/opt/ros/humble/share/nav_msgs/cmake)
[4.381s] -- Found tf2_ros: 0.25.16 (/opt/ros/humble/share/tf2_ros/cmake)
[4.425s] -- Found tf2_eigen: 0.25.16 (/opt/ros/humble/share/tf2_eigen/cmake)
[4.431s] -- Found OpenCV: /usr (found suitable version "4.5.4", minimum required is "4") 
[4.440s] -- Found ament_lint_auto: 0.12.14 (/opt/ros/humble/share/ament_lint_auto/cmake)
[4.596s] -- Added test 'copyright' to check source files copyright and LICENSE
[4.607s] -- Added test 'cppcheck' to perform static code analysis on C / C++ code
[4.608s] -- Configured cppcheck include dirs: 
[4.608s] -- Configured cppcheck exclude dirs and/or files: 
[4.617s] -- Added test 'cpplint' to check C / C++ code against the Google style
[4.617s] -- Configured cpplint exclude dirs and/or files: 
[4.618s] -- Added test 'flake8' to check Python code syntax and style conventions
[4.623s] -- Added test 'lint_cmake' to check CMake code style
[4.624s] -- Added test 'pep257' to check Python code against some of the docstring style conventions in PEP 257
[4.633s] -- Added test 'uncrustify' to check C / C++ code style
[4.634s] -- Configured uncrustify additional arguments: 
[4.636s] -- Added test 'xmllint' to check XML markup files
[4.645s] -- Configuring done
[4.738s] -- Generating done
[4.766s] -- Build files have been written to: /workspace/build/obstacle_detector
