[0.083s] Invoking command in '/workspace/build/controllers': CMAKE_PREFIX_PATH=/opt/ros/humble /usr/bin/cmake /workspace/controllers -DCMAKE_INSTALL_PREFIX=/workspace/install/controllers
[0.498s] -- The C compiler identification is GNU 11.4.0
[0.788s] -- The CXX compiler identification is GNU 11.4.0
[0.816s] -- Detecting C compiler ABI info
[1.374s] -- Detecting C compiler ABI info - done
[1.395s] -- Check for working C compiler: /usr/bin/cc - skipped
[1.396s] -- Detecting C compile features
[1.397s] -- Detecting C compile features - done
[1.408s] -- Detecting CXX compiler ABI info
[1.904s] -- Detecting CXX compiler ABI info - done
[1.919s] -- Check for working CXX compiler: /usr/bin/c++ - skipped
[1.920s] -- Detecting CXX compile features
[1.922s] -- Detecting CXX compile features - done
[1.932s] -- Found ament_cmake: 1.3.12 (/opt/ros/humble/share/ament_cmake/cmake)
[2.453s] -- Found Python3: /usr/bin/python3 (found version "3.10.12") found components: Interpreter 
[2.632s] -- Found rclcpp: 16.0.15 (/opt/ros/humble/share/rclcpp/cmake)
[2.657s] -- Found rosidl_generator_c: 3.1.7 (/opt/ros/humble/share/rosidl_generator_c/cmake)
[2.657s] -- Found rosidl_adapter: 3.1.7 (/opt/ros/humble/share/rosidl_adapter/cmake)
[2.664s] -- Found rosidl_generator_cpp: 3.1.7 (/opt/ros/humble/share/rosidl_generator_cpp/cmake)
[2.669s] -- Using all available rosidl_typesupport_c: rosidl_typesupport_fastrtps_c;rosidl_typesupport_introspection_c
[2.680s] -- Using all available rosidl_typesupport_cpp: rosidl_typesupport_fastrtps_cpp;rosidl_typesupport_introspection_cpp
[2.709s] -- Found rmw_implementation_cmake: 6.1.2 (/opt/ros/humble/share/rmw_implementation_cmake/cmake)
[2.709s] -- Found rmw_fastrtps_cpp: 6.2.8 (/opt/ros/humble/share/rmw_fastrtps_cpp/cmake)
[3.099s] -- Found OpenSSL: /usr/lib/x86_64-linux-gnu/libcrypto.so (found version "3.0.2")  
[3.130s] -- Found FastRTPS: /opt/ros/humble/include  
[3.181s] -- Using RMW implementation 'rmw_fastrtps_cpp' as default
[3.188s] -- Looking for pthread.h
[3.695s] -- Looking for pthread.h - found
[3.698s] -- Performing Test CMAKE_HAVE_LIBC_PTHREAD
[4.256s] -- Performing Test CMAKE_HAVE_LIBC_PTHREAD - Success
[4.258s] -- Found Threads: TRUE  
[4.298s] -- Found rclcpp_action: 16.0.15 (/opt/ros/humble/share/rclcpp_action/cmake)
[4.326s] -- Found rclcpp_components: 16.0.15 (/opt/ros/humble/share/rclcpp_components/cmake)
[4.348s] -- Found nav2_core: 1.1.19 (/opt/ros/humble/share/nav2_core/cmake)
[4.482s] -- Found Eigen3: TRUE (found version "3.4.0") 
[4.482s] -- Ensuring Eigen3 include directory is part of orocos-kdl CMake target
[4.556s] -- Found tf2_eigen: 0.25.16 (/opt/ros/humble/share/tf2_eigen/cmake)
[4.576s] -- Found ament_lint_auto: 0.12.14 (/opt/ros/humble/share/ament_lint_auto/cmake)
[4.747s] -- Added test 'copyright' to check source files copyright and LICENSE
[4.755s] -- Added test 'cppcheck' to perform static code analysis on C / C++ code
[4.756s] -- Configured cppcheck include dirs: 
[4.756s] -- Configured cppcheck exclude dirs and/or files: 
[4.761s] -- Added test 'cpplint' to check C / C++ code against the Google style
[4.762s] -- Configured cpplint exclude dirs and/or files: 
[4.765s] -- Added test 'lint_cmake' to check CMake code style
[4.770s] -- Added test 'uncrustify' to check C / C++ code style
[4.770s] -- Configured uncrustify additional arguments: 
[4.771s] -- Added test 'xmllint' to check XML markup files
[4.785s] -- Configuring done
[4.858s] -- Generating done
[4.886s] -- Build files have been written to: /workspace/build/controllers
