[0.094s] Invoking command in '/workspace/build/localization': CMAKE_PREFIX_PATH=/opt/ros/humble /usr/bin/cmake /workspace/localization -DCMAKE_INSTALL_PREFIX=/workspace/install/localization
[0.483s] -- The C compiler identification is GNU 11.4.0
[0.766s] -- The CXX compiler identification is GNU 11.4.0
[0.795s] -- Detecting C compiler ABI info
[1.330s] -- Detecting C compiler ABI info - done
[1.347s] -- Check for working C compiler: /usr/bin/cc - skipped
[1.348s] -- Detecting C compile features
[1.349s] -- Detecting C compile features - done
[1.353s] -- Detecting CXX compiler ABI info
[1.864s] -- Detecting CXX compiler ABI info - done
[1.887s] -- Check for working CXX compiler: /usr/bin/c++ - skipped
[1.887s] -- Detecting CXX compile features
[1.888s] -- Detecting CXX compile features - done
[1.893s] -- Found ament_cmake: 1.3.12 (/opt/ros/humble/share/ament_cmake/cmake)
[2.416s] -- Found Python3: /usr/bin/python3 (found version "3.10.12") found components: Interpreter 
[2.589s] -- Found rclcpp: 16.0.15 (/opt/ros/humble/share/rclcpp/cmake)
[2.615s] -- Found rosidl_generator_c: 3.1.7 (/opt/ros/humble/share/rosidl_generator_c/cmake)
[2.618s] -- Found rosidl_adapter: 3.1.7 (/opt/ros/humble/share/rosidl_adapter/cmake)
[2.628s] -- Found rosidl_generator_cpp: 3.1.7 (/opt/ros/humble/share/rosidl_generator_cpp/cmake)
[2.631s] -- Using all available rosidl_typesupport_c: rosidl_typesupport_fastrtps_c;rosidl_typesupport_introspection_c
[2.642s] -- Using all available rosidl_typesupport_cpp: rosidl_typesupport_fastrtps_cpp;rosidl_typesupport_introspection_cpp
[2.671s] -- Found rmw_implementation_cmake: 6.1.2 (/opt/ros/humble/share/rmw_implementation_cmake/cmake)
[2.672s] -- Found rmw_fastrtps_cpp: 6.2.8 (/opt/ros/humble/share/rmw_fastrtps_cpp/cmake)
[3.039s] -- Found OpenSSL: /usr/lib/x86_64-linux-gnu/libcrypto.so (found version "3.0.2")  
[3.066s] -- Found FastRTPS: /opt/ros/humble/include  
[3.119s] -- Using RMW implementation 'rmw_fastrtps_cpp' as default
[3.123s] -- Looking for pthread.h
[3.627s] -- Looking for pthread.h - found
[3.630s] -- Performing Test CMAKE_HAVE_LIBC_PTHREAD
[4.184s] -- Performing Test CMAKE_HAVE_LIBC_PTHREAD - Success
[4.190s] -- Found Threads: TRUE  
[4.230s] -- Found rclcpp_components: 16.0.15 (/opt/ros/humble/share/rclcpp_components/cmake)
[4.255s] [31mCMake Error at CMakeLists.txt:7 (find_package):
[4.256s]   By not providing "Findstsl_interfaces.cmake" in CMAKE_MODULE_PATH this
[4.256s]   project has asked CMake to find a package configuration file provided by
[4.257s]   "stsl_interfaces", but CMake did not find one.
[4.258s] 
[4.259s]   Could not find a package configuration file provided by "stsl_interfaces"
[4.261s]   with any of the following names:
[4.262s] 
[4.262s]     stsl_interfacesConfig.cmake
[4.262s]     stsl_interfaces-config.cmake
[4.266s] 
[4.266s]   Add the installation prefix of "stsl_interfaces" to CMAKE_PREFIX_PATH or
[4.267s]   set "stsl_interfaces_DIR" to a directory containing one of the above files.
[4.268s]   If "stsl_interfaces" provides a separate development package or SDK, be
[4.268s]   sure it has been installed.
[4.269s] 
[4.270s] [0m
[4.271s] -- Configuring incomplete, errors occurred!
[4.271s] See also "/workspace/build/localization/CMakeFiles/CMakeOutput.log".
[4.281s] Invoked command in '/workspace/build/localization' returned '1': CMAKE_PREFIX_PATH=/opt/ros/humble /usr/bin/cmake /workspace/localization -DCMAKE_INSTALL_PREFIX=/workspace/install/localization
